<?xml version="1.0" encoding="UTF-8"?>
<!-- Generated by org.testng.reporters.JUnitXMLReporter -->
<testsuite hostname="W2464520NGMD1" ignored="0" name="HomePageTest" tests="2" failures="0" timestamp="2020-08-13T06:40:05 IST" time="0.086" errors="0">
  <testcase name="@BeforeTest openBrowser" time="0.014" classname="FrameworkDevelopment.EndToEnd.ValidateTitile">
    <failure type="java.lang.NullPointerException">
      <![CDATA[java.lang.NullPointerException
at resources.Base.intializeBrowser(Base.java:41)
at FrameworkDevelopment.EndToEnd.ValidateTitile.openBrowser(ValidateTitile.java:21)
at java.util.concurrent.FutureTask.run(Unknown Source)
at java.util.concurrent.ThreadPoolExecutor.runWorker(Unknown Source)
at java.util.concurrent.ThreadPoolExecutor$Worker.run(Unknown Source)
at java.lang.Thread.run(Unknown Source)
... Removed 15 stack frames]]>
    </failure>
  </testcase> <!-- @BeforeTest openBrowser -->
  <testcase name="@BeforeTest openBrowser" time="0.014" classname="FrameworkDevelopment.EndToEnd.HomePage">
    <failure type="java.lang.NullPointerException">
      <![CDATA[java.lang.NullPointerException
at resources.Base.intializeBrowser(Base.java:41)
at FrameworkDevelopment.EndToEnd.HomePage.openBrowser(HomePage.java:24)
at java.util.concurrent.FutureTask.run(Unknown Source)
at java.util.concurrent.ThreadPoolExecutor.runWorker(Unknown Source)
at java.util.concurrent.ThreadPoolExecutor$Worker.run(Unknown Source)
at java.lang.Thread.run(Unknown Source)
... Removed 15 stack frames]]>
    </failure>
  </testcase> <!-- @BeforeTest openBrowser -->
  <testcase name="@AfterTest tearDown" time="-1.597281005794E9" classname="FrameworkDevelopment.EndToEnd.HomePage">
    <skipped/>
  </testcase> <!-- @AfterTest tearDown -->
  <testcase name="@AfterTest teatDown" time="-1.597281005795E9" classname="FrameworkDevelopment.EndToEnd.ValidateTitile">
    <skipped/>
  </testcase> <!-- @AfterTest teatDown -->
  <testcase name="basePageNavigation" time="0.0" classname="FrameworkDevelopment.EndToEnd.HomePage">
    <skipped/>
  </testcase> <!-- basePageNavigation -->
  <testcase name="basePageNavigation" time="0.0" classname="FrameworkDevelopment.EndToEnd.HomePage">
    <skipped/>
  </testcase> <!-- basePageNavigation -->
</testsuite> <!-- HomePageTest -->
