<?xml version="1.0" encoding="UTF-8"?>
<!-- Generated by org.testng.reporters.JUnitXMLReporter -->
<testsuite hostname="W2464520NGMD1" ignored="0" name="Test" tests="3" failures="0" timestamp="2020-07-02T15:54:24 IST" time="40.604" errors="0">
  <testcase name="basePageNavigation" time="10.904" classname="FrameworkDevelopment.EndToEnd.HomePage"/>
  <testcase name="basePageNavigation" time="6.417" classname="FrameworkDevelopment.EndToEnd.HomePage"/>
  <testcase name="validateTitle" time="0.205" classname="FrameworkDevelopment.EndToEnd.ValidateTitile"/>
</testsuite> <!-- Test -->
