<?xml version="1.0" encoding="UTF-8"?>
<testng-results skipped="0" failed="0" ignored="0" total="1" passed="1">
  <reporter-output>
  </reporter-output>
  <suite name="Default suite" duration-ms="6557" started-at="2020-09-16T14:01:05 IST" finished-at="2020-09-16T14:01:12 IST">
    <groups>
    </groups>
    <test name="Default test" duration-ms="6557" started-at="2020-09-16T14:01:05 IST" finished-at="2020-09-16T14:01:12 IST">
      <class name="serialization.GoogleMapApi">
        <test-method status="PASS" signature="addPlace()[pri:0, instance:serialization.GoogleMapApi@184f6be2]" name="addPlace" duration-ms="6472" started-at="2020-09-16T14:01:06 IST" finished-at="2020-09-16T14:01:12 IST">
          <reporter-output>
          </reporter-output>
        </test-method> <!-- addPlace -->
      </class> <!-- serialization.GoogleMapApi -->
    </test> <!-- Default test -->
  </suite> <!-- Default suite -->
</testng-results>
